#
# There is insufficient memory for the Java Runtime Environment to continue.
# Native memory allocation (malloc) failed to allocate 1022736 bytes for Chunk::new
# Possible reasons:
#   The system is out of physical RAM or swap space
#   The process is running with CompressedOops enabled, and the Java Heap may be blocking the growth of the native heap
# Possible solutions:
#   Reduce memory load on the system
#   Increase physical memory or swap space
#   Check if swap backing store is full
#   Decrease Java heap size (-Xmx/-Xms)
#   Decrease number of Java threads
#   Decrease Java thread stack sizes (-Xss)
#   Set larger code cache with -XX:ReservedCodeCacheSize=
#   JVM is running with Unscaled Compressed Oops mode in which the Java heap is
#     placed in the first 4GB address space. The Java Heap base address is the
#     maximum limit for the native heap growth. Please use -XX:HeapBaseMinAddress
#     to set the Java Heap base and to place the Java Heap above 4GB virtual address.
# This output file may be truncated or incomplete.
#
#  Out of Memory Error (./src/hotspot/share/memory/arena.cpp:197), pid=10356, tid=16488
#
# JRE version: OpenJDK Runtime Environment (11.0.10) (build 11.0.10+0-b96-7249189)
# Java VM: OpenJDK 64-Bit Server VM (11.0.10+0-b96-7249189, mixed mode, tiered, compressed oops, g1 gc, windows-amd64)
# No core dump will be written. Minidumps are not enabled by default on client versions of Windows
#

---------------  S U M M A R Y ------------

Command Line: --add-opens=java.base/java.util=ALL-UNNAMED --add-opens=java.base/java.lang=ALL-UNNAMED --add-opens=java.base/java.lang.invoke=ALL-UNNAMED --add-opens=java.base/java.util=ALL-UNNAMED --add-opens=java.prefs/java.util.prefs=ALL-UNNAMED --add-opens=java.prefs/java.util.prefs=ALL-UNNAMED --add-opens=java.base/java.nio.charset=ALL-UNNAMED --add-opens=java.base/java.net=ALL-UNNAMED --add-opens=java.base/java.util.concurrent.atomic=ALL-UNNAMED -Xmx2048m -Dfile.encoding=UTF-8 -Duser.country=FR -Duser.language=fr -Duser.variant org.gradle.launcher.daemon.bootstrap.GradleDaemon 7.0.2

Host: Intel(R) Core(TM) i7-4600U CPU @ 2.10GHz, 4 cores, 3G,  Windows 10 , 64 bit Build 19041 (10.0.19041.1348)
Time: Sun Jan  9 02:38:44 2022 Greenwich elapsed time: 15.186671 seconds (0d 0h 0m 15s)

---------------  T H R E A D  ---------------

Current thread (0x000001bf31620800):  JavaThread "C2 CompilerThread0" daemon [_thread_in_native, id=16488, stack(0x0000002cdce00000,0x0000002cdcf00000)]


Current CompileTask:
C2:  15186 4640       4       java.lang.invoke.MethodType::makeImpl (108 bytes)

Stack: [0x0000002cdce00000,0x0000002cdcf00000]
Native frames: (J=compiled Java code, j=interpreted, Vv=VM code, C=native code)
V  [jvm.dll+0x5ecfaa]
V  [jvm.dll+0x722bd5]
V  [jvm.dll+0x72412d]
V  [jvm.dll+0x7247e3]
V  [jvm.dll+0x242928]
V  [jvm.dll+0xbc4fc]
V  [jvm.dll+0xbca0c]
V  [jvm.dll+0x352d3b]
V  [jvm.dll+0x320ad3]
V  [jvm.dll+0x31ffca]
V  [jvm.dll+0x1fb602]
V  [jvm.dll+0x1fa7f4]
V  [jvm.dll+0x18354c]
V  [jvm.dll+0x208ee7]
V  [jvm.dll+0x207731]
V  [jvm.dll+0x6eb1cf]
V  [jvm.dll+0x6e3d45]
V  [jvm.dll+0x5ebe96]
C  [ucrtbase.dll+0x21bb2]
C  [KERNEL32.DLL+0x17034]
C  [ntdll.dll+0x52651]


---------------  P R O C E S S  ---------------

Threads class SMR info:
_java_thread_list=0x000001bf36c557f0, length=40, elements={
0x000001bf17289800, 0x000001bf315b9800, 0x000001bf315c5000, 0x000001bf31613800,
0x000001bf31618000, 0x000001bf3161a800, 0x000001bf31620800, 0x000001bf31626800,
0x000001bf3162a000, 0x000001bf320b9000, 0x000001bf331f8800, 0x000001bf337df800,
0x000001bf33b2d800, 0x000001bf339e6800, 0x000001bf3377c800, 0x000001bf33aad800,
0x000001bf33ab6800, 0x000001bf33777800, 0x000001bf34196800, 0x000001bf339f0000,
0x000001bf339f1800, 0x000001bf339f2800, 0x000001bf339ee800, 0x000001bf339f4000,
0x000001bf339f5000, 0x000001bf339f3800, 0x000001bf339ef000, 0x000001bf339f1000,
0x000001bf35eba000, 0x000001bf35eb9000, 0x000001bf35eba800, 0x000001bf35ebb800,
0x000001bf35ebc800, 0x000001bf35ec0800, 0x000001bf35ec1000, 0x000001bf35ec4800,
0x000001bf35ec2000, 0x000001bf35ebf000, 0x000001bf35ec3000, 0x000001bf35ec5800
}

Java Threads: ( => current thread )
  0x000001bf17289800 JavaThread "main" [_thread_blocked, id=660, stack(0x0000002cdc200000,0x0000002cdc300000)]
  0x000001bf315b9800 JavaThread "Reference Handler" daemon [_thread_blocked, id=3972, stack(0x0000002cdc900000,0x0000002cdca00000)]
  0x000001bf315c5000 JavaThread "Finalizer" daemon [_thread_blocked, id=16340, stack(0x0000002cdca00000,0x0000002cdcb00000)]
  0x000001bf31613800 JavaThread "Signal Dispatcher" daemon [_thread_blocked, id=16040, stack(0x0000002cdcb00000,0x0000002cdcc00000)]
  0x000001bf31618000 JavaThread "Attach Listener" daemon [_thread_blocked, id=15616, stack(0x0000002cdcc00000,0x0000002cdcd00000)]
  0x000001bf3161a800 JavaThread "Service Thread" daemon [_thread_blocked, id=9344, stack(0x0000002cdcd00000,0x0000002cdce00000)]
=>0x000001bf31620800 JavaThread "C2 CompilerThread0" daemon [_thread_in_native, id=16488, stack(0x0000002cdce00000,0x0000002cdcf00000)]
  0x000001bf31626800 JavaThread "C1 CompilerThread0" daemon [_thread_blocked, id=12308, stack(0x0000002cdcf00000,0x0000002cdd000000)]
  0x000001bf3162a000 JavaThread "Sweeper thread" daemon [_thread_blocked, id=14688, stack(0x0000002cdd000000,0x0000002cdd100000)]
  0x000001bf320b9000 JavaThread "Common-Cleaner" daemon [_thread_blocked, id=11456, stack(0x0000002cdd100000,0x0000002cdd200000)]
  0x000001bf331f8800 JavaThread "Daemon health stats" [_thread_blocked, id=16168, stack(0x0000002cdd500000,0x0000002cdd600000)]
  0x000001bf337df800 JavaThread "Incoming local TCP Connector on port 7389" [_thread_in_native, id=13636, stack(0x0000002cdd600000,0x0000002cdd700000)]
  0x000001bf33b2d800 JavaThread "Daemon periodic checks" [_thread_blocked, id=3884, stack(0x0000002cdd700000,0x0000002cdd800000)]
  0x000001bf339e6800 JavaThread "Daemon" [_thread_blocked, id=16768, stack(0x0000002cdd800000,0x0000002cdd900000)]
  0x000001bf3377c800 JavaThread "Handler for socket connection from /127.0.0.1:7389 to /127.0.0.1:7390" [_thread_in_native, id=17172, stack(0x0000002cdd900000,0x0000002cdda00000)]
  0x000001bf33aad800 JavaThread "Cancel handler" [_thread_blocked, id=17104, stack(0x0000002cdda00000,0x0000002cddb00000)]
  0x000001bf33ab6800 JavaThread "Daemon worker" [_thread_in_native, id=13272, stack(0x0000002cddb00000,0x0000002cddc00000)]
  0x000001bf33777800 JavaThread "Asynchronous log dispatcher for DefaultDaemonConnection: socket connection from /127.0.0.1:7389 to /127.0.0.1:7390" [_thread_blocked, id=12504, stack(0x0000002cddc00000,0x0000002cddd00000)]
  0x000001bf34196800 JavaThread "Stdin handler" [_thread_blocked, id=15152, stack(0x0000002cddd00000,0x0000002cdde00000)]
  0x000001bf339f0000 JavaThread "Daemon client event forwarder" [_thread_blocked, id=15072, stack(0x0000002cdde00000,0x0000002cddf00000)]
  0x000001bf339f1800 JavaThread "Cache worker for file hash cache (C:\Users\DELL\.gradle\wrapper\dists\gradle-7.0.2-bin\gradle-7.0.2\bin\wrapper\dists\gradle-7.0.2-bin\857tjihv64xamwrf0h14cai3r\gradle-7.0.2\bin\caches\7.0.2\fileHashes)" [_thread_blocked, id=15392, stack(0x0000002cde100000,0x0000002cde200000)]
  0x000001bf339f2800 JavaThread "File lock request listener" [_thread_in_native, id=7652, stack(0x0000002cde200000,0x0000002cde300000)]
  0x000001bf339ee800 JavaThread "Cache worker for journal cache (C:\Users\DELL\.gradle\wrapper\dists\gradle-7.0.2-bin\gradle-7.0.2\bin\wrapper\dists\gradle-7.0.2-bin\857tjihv64xamwrf0h14cai3r\gradle-7.0.2\bin\caches\journal-1)" [_thread_blocked, id=13956, stack(0x0000002cde300000,0x0000002cde400000)]
  0x000001bf339f4000 JavaThread "Cache worker for file hash cache (C:\Users\DELL\Desktop\AppFlex\.gradle\7.0.2\fileHashes)" [_thread_blocked, id=11968, stack(0x0000002cde400000,0x0000002cde500000)]
  0x000001bf339f5000 JavaThread "File watcher server" daemon [_thread_in_native, id=10324, stack(0x0000002cde500000,0x0000002cde600000)]
  0x000001bf339f3800 JavaThread "File watcher consumer" daemon [_thread_blocked, id=9400, stack(0x0000002cde600000,0x0000002cde700000)]
  0x000001bf339ef000 JavaThread "Cache worker for checksums cache (C:\Users\DELL\Desktop\AppFlex\.gradle\checksums)" [_thread_blocked, id=16992, stack(0x0000002cde700000,0x0000002cde800000)]
  0x000001bf339f1000 JavaThread "Cache worker for cache directory md-supplier (C:\Users\DELL\.gradle\wrapper\dists\gradle-7.0.2-bin\gradle-7.0.2\bin\wrapper\dists\gradle-7.0.2-bin\857tjihv64xamwrf0h14cai3r\gradle-7.0.2\bin\caches\7.0.2\md-supplier)" [_thread_blocked, id=16304, stack(0x0000002cde800000,0x0000002cde900000)]
  0x000001bf35eba000 JavaThread "Cache worker for cache directory md-rule (C:\Users\DELL\.gradle\wrapper\dists\gradle-7.0.2-bin\gradle-7.0.2\bin\wrapper\dists\gradle-7.0.2-bin\857tjihv64xamwrf0h14cai3r\gradle-7.0.2\bin\caches\7.0.2\md-rule)" [_thread_blocked, id=13236, stack(0x0000002cde900000,0x0000002cdea00000)]
  0x000001bf35eb9000 JavaThread "Cache worker for execution history cache (C:\Users\DELL\.gradle\wrapper\dists\gradle-7.0.2-bin\gradle-7.0.2\bin\wrapper\dists\gradle-7.0.2-bin\857tjihv64xamwrf0h14cai3r\gradle-7.0.2\bin\caches\7.0.2\executionHistory)" [_thread_blocked, id=9440, stack(0x0000002cdea00000,0x0000002cdeb00000)]
  0x000001bf35eba800 JavaThread "jar transforms" [_thread_blocked, id=14360, stack(0x0000002cdeb00000,0x0000002cdec00000)]
  0x000001bf35ebb800 JavaThread "jar transforms Thread 2" [_thread_blocked, id=10224, stack(0x0000002cdec00000,0x0000002cded00000)]
  0x000001bf35ebc800 JavaThread "Cache worker for file content cache (C:\Users\DELL\.gradle\wrapper\dists\gradle-7.0.2-bin\gradle-7.0.2\bin\wrapper\dists\gradle-7.0.2-bin\857tjihv64xamwrf0h14cai3r\gradle-7.0.2\bin\caches\7.0.2\fileContent)" [_thread_blocked, id=15576, stack(0x0000002cded00000,0x0000002cdee00000)]
  0x000001bf35ec0800 JavaThread "Cache worker for dependencies-accessors (C:\Users\DELL\Desktop\AppFlex\.gradle\7.0.2\dependencies-accessors)" [_thread_blocked, id=11060, stack(0x0000002cdee00000,0x0000002cdef00000)]
  0x000001bf35ec1000 JavaThread "jar transforms Thread 3" [_thread_blocked, id=10684, stack(0x0000002cdef00000,0x0000002cdf000000)]
  0x000001bf35ec4800 JavaThread "Cache worker for Build Output Cleanup Cache (C:\Users\DELL\Desktop\AppFlex\.gradle\buildOutputCleanup)" [_thread_blocked, id=7968, stack(0x0000002cdf000000,0x0000002cdf100000)]
  0x000001bf35ec2000 JavaThread "Build operations" [_thread_blocked, id=8652, stack(0x0000002cdf100000,0x0000002cdf200000)]
  0x000001bf35ebf000 JavaThread "Build operations Thread 2" [_thread_blocked, id=2956, stack(0x0000002cdf200000,0x0000002cdf300000)]
  0x000001bf35ec3000 JavaThread "Build operations Thread 3" [_thread_blocked, id=9100, stack(0x0000002cdf300000,0x0000002cdf400000)]
  0x000001bf35ec5800 JavaThread "Build operations Thread 4" [_thread_blocked, id=10516, stack(0x0000002cdf400000,0x0000002cdf500000)]

Other Threads:
  0x000001bf315b1000 VMThread "VM Thread" [stack: 0x0000002cdc800000,0x0000002cdc900000] [id=12852]
  0x000001bf320e4800 WatcherThread [stack: 0x0000002cdd200000,0x0000002cdd300000] [id=12024]
  0x000001bf172a2800 GCTaskThread "GC Thread#0" [stack: 0x0000002cdc300000,0x0000002cdc400000] [id=8048]
  0x000001bf3234c000 GCTaskThread "GC Thread#1" [stack: 0x0000002cdd300000,0x0000002cdd400000] [id=10792]
  0x000001bf336e1000 GCTaskThread "GC Thread#2" [stack: 0x0000002cddf00000,0x0000002cde000000] [id=13356]
  0x000001bf33a1e800 GCTaskThread "GC Thread#3" [stack: 0x0000002cde000000,0x0000002cde100000] [id=16528]
  0x000001bf172d8000 ConcurrentGCThread "G1 Main Marker" [stack: 0x0000002cdc400000,0x0000002cdc500000] [id=7136]
  0x000001bf172d9000 ConcurrentGCThread "G1 Conc#0" [stack: 0x0000002cdc500000,0x0000002cdc600000] [id=17280]
  0x000001bf17330800 ConcurrentGCThread "G1 Refine#0" [stack: 0x0000002cdc600000,0x0000002cdc700000] [id=12136]
  0x000001bf323f6000 ConcurrentGCThread "G1 Refine#1" [stack: 0x0000002cdd400000,0x0000002cdd500000] [id=7236]
  0x000001bf17331800 ConcurrentGCThread "G1 Young RemSet Sampling" [stack: 0x0000002cdc700000,0x0000002cdc800000] [id=9456]

Threads with active compile tasks:
C2 CompilerThread0  15242 4640       4       java.lang.invoke.MethodType::makeImpl (108 bytes)

VM state:not at safepoint (normal execution)

VM Mutex/Monitor currently owned by a thread: None

Heap address: 0x0000000080000000, size: 2048 MB, Compressed Oops mode: 32-bit
Narrow klass base: 0x0000000000000000, Narrow klass shift: 3
Compressed class space size: 1073741824 Address: 0x0000000100000000

Heap:
 garbage-first heap   total 95232K, used 64028K [0x0000000080000000, 0x0000000100000000)
  region size 1024K, 37 young (37888K), 3 survivors (3072K)
 Metaspace       used 46714K, capacity 47912K, committed 48204K, reserved 1091584K
  class space    used 5987K, capacity 6428K, committed 6476K, reserved 1048576K
Heap Regions: E=young(eden), S=young(survivor), O=old, HS=humongous(starts), HC=humongous(continues), CS=collection set, F=free, A=archive, TAMS=top-at-mark-start (previous, next)
|   0|0x0000000080000000, 0x0000000080100000, 0x0000000080100000|100%|HS|  |TAMS 0x0000000080100000, 0x0000000080000000| Complete 
|   1|0x0000000080100000, 0x0000000080200000, 0x0000000080200000|100%|HC|  |TAMS 0x0000000080200000, 0x0000000080100000| Complete 
|   2|0x0000000080200000, 0x0000000080300000, 0x0000000080300000|100%|HC|  |TAMS 0x0000000080300000, 0x0000000080200000| Complete 
|   3|0x0000000080300000, 0x0000000080400000, 0x0000000080400000|100%| O|  |TAMS 0x0000000080400000, 0x0000000080300000| Untracked 
|   4|0x0000000080400000, 0x0000000080500000, 0x0000000080500000|100%| O|  |TAMS 0x0000000080500000, 0x0000000080400000| Untracked 
|   5|0x0000000080500000, 0x0000000080600000, 0x0000000080600000|100%| O|  |TAMS 0x0000000080600000, 0x0000000080500000| Untracked 
|   6|0x0000000080600000, 0x0000000080700000, 0x0000000080700000|100%| O|  |TAMS 0x0000000080700000, 0x0000000080600000| Untracked 
|   7|0x0000000080700000, 0x0000000080800000, 0x0000000080800000|100%| O|  |TAMS 0x0000000080800000, 0x0000000080700000| Untracked 
|   8|0x0000000080800000, 0x0000000080900000, 0x0000000080900000|100%| O|  |TAMS 0x0000000080900000, 0x0000000080800000| Untracked 
|   9|0x0000000080900000, 0x0000000080a00000, 0x0000000080a00000|100%| O|  |TAMS 0x0000000080a00000, 0x0000000080900000| Untracked 
|  10|0x0000000080a00000, 0x0000000080b00000, 0x0000000080b00000|100%| O|  |TAMS 0x0000000080b00000, 0x0000000080a00000| Untracked 
|  11|0x0000000080b00000, 0x0000000080c00000, 0x0000000080c00000|100%| O|  |TAMS 0x0000000080c00000, 0x0000000080b00000| Untracked 
|  12|0x0000000080c00000, 0x0000000080d00000, 0x0000000080d00000|100%| O|  |TAMS 0x0000000080d00000, 0x0000000080c00000| Untracked 
|  13|0x0000000080d00000, 0x0000000080e00000, 0x0000000080e00000|100%| O|  |TAMS 0x0000000080e00000, 0x0000000080d00000| Untracked 
|  14|0x0000000080e00000, 0x0000000080f00000, 0x0000000080f00000|100%| O|  |TAMS 0x0000000080f00000, 0x0000000080e00000| Untracked 
|  15|0x0000000080f00000, 0x0000000081000000, 0x0000000081000000|100%| O|  |TAMS 0x0000000081000000, 0x0000000080f00000| Untracked 
|  16|0x0000000081000000, 0x0000000081100000, 0x0000000081100000|100%| O|  |TAMS 0x0000000081100000, 0x0000000081000000| Untracked 
|  17|0x0000000081100000, 0x0000000081200000, 0x0000000081200000|100%| O|  |TAMS 0x0000000081200000, 0x0000000081100000| Untracked 
|  18|0x0000000081200000, 0x0000000081300000, 0x0000000081300000|100%| O|  |TAMS 0x0000000081212a00, 0x0000000081200000| Untracked 
|  19|0x0000000081300000, 0x0000000081400000, 0x0000000081400000|100%| O|  |TAMS 0x0000000081300000, 0x0000000081300000| Untracked 
|  20|0x0000000081400000, 0x0000000081500000, 0x0000000081500000|100%| O|  |TAMS 0x0000000081400000, 0x0000000081400000| Untracked 
|  21|0x0000000081500000, 0x0000000081600000, 0x0000000081600000|100%| O|  |TAMS 0x0000000081500000, 0x0000000081500000| Untracked 
|  22|0x0000000081600000, 0x0000000081700000, 0x0000000081700000|100%| O|  |TAMS 0x0000000081600000, 0x0000000081600000| Untracked 
|  23|0x0000000081700000, 0x0000000081800000, 0x0000000081800000|100%| O|  |TAMS 0x0000000081700000, 0x0000000081700000| Untracked 
|  24|0x0000000081800000, 0x0000000081900000, 0x0000000081900000|100%| O|  |TAMS 0x0000000081800000, 0x0000000081800000| Untracked 
|  25|0x0000000081900000, 0x0000000081a00000, 0x0000000081a00000|100%| O|  |TAMS 0x0000000081900000, 0x0000000081900000| Untracked 
|  26|0x0000000081a00000, 0x0000000081b00000, 0x0000000081b00000|100%| O|  |TAMS 0x0000000081a00000, 0x0000000081a00000| Untracked 
|  27|0x0000000081b00000, 0x0000000081b60000, 0x0000000081c00000| 37%| O|  |TAMS 0x0000000081b00000, 0x0000000081b00000| Untracked 
|  28|0x0000000081c00000, 0x0000000081c00000, 0x0000000081d00000|  0%| F|  |TAMS 0x0000000081c00000, 0x0000000081c00000| Untracked 
|  29|0x0000000081d00000, 0x0000000081d00000, 0x0000000081e00000|  0%| F|  |TAMS 0x0000000081d00000, 0x0000000081d00000| Untracked 
|  30|0x0000000081e00000, 0x0000000081e00000, 0x0000000081f00000|  0%| F|  |TAMS 0x0000000081e00000, 0x0000000081e00000| Untracked 
|  31|0x0000000081f00000, 0x0000000081f00000, 0x0000000082000000|  0%| F|  |TAMS 0x0000000081f00000, 0x0000000081f00000| Untracked 
|  32|0x0000000082000000, 0x0000000082000000, 0x0000000082100000|  0%| F|  |TAMS 0x0000000082000000, 0x0000000082000000| Untracked 
|  33|0x0000000082100000, 0x0000000082100000, 0x0000000082200000|  0%| F|  |TAMS 0x0000000082100000, 0x0000000082100000| Untracked 
|  34|0x0000000082200000, 0x0000000082200000, 0x0000000082300000|  0%| F|  |TAMS 0x0000000082200000, 0x0000000082200000| Untracked 
|  35|0x0000000082300000, 0x0000000082300000, 0x0000000082400000|  0%| F|  |TAMS 0x0000000082300000, 0x0000000082300000| Untracked 
|  36|0x0000000082400000, 0x0000000082400000, 0x0000000082500000|  0%| F|  |TAMS 0x0000000082400000, 0x0000000082400000| Untracked 
|  37|0x0000000082500000, 0x0000000082500000, 0x0000000082600000|  0%| F|  |TAMS 0x0000000082500000, 0x0000000082500000| Untracked 
|  38|0x0000000082600000, 0x0000000082600000, 0x0000000082700000|  0%| F|  |TAMS 0x0000000082600000, 0x0000000082600000| Untracked 
|  39|0x0000000082700000, 0x0000000082700000, 0x0000000082800000|  0%| F|  |TAMS 0x0000000082700000, 0x0000000082700000| Untracked 
|  40|0x0000000082800000, 0x0000000082800000, 0x0000000082900000|  0%| F|  |TAMS 0x0000000082800000, 0x0000000082800000| Untracked 
|  41|0x0000000082900000, 0x0000000082900000, 0x0000000082a00000|  0%| F|  |TAMS 0x0000000082900000, 0x0000000082900000| Untracked 
|  42|0x0000000082a00000, 0x0000000082a00000, 0x0000000082b00000|  0%| F|  |TAMS 0x0000000082a00000, 0x0000000082a00000| Untracked 
|  43|0x0000000082b00000, 0x0000000082b00000, 0x0000000082c00000|  0%| F|  |TAMS 0x0000000082b00000, 0x0000000082b00000| Untracked 
|  44|0x0000000082c00000, 0x0000000082c27228, 0x0000000082d00000| 15%| S|CS|TAMS 0x0000000082c00000, 0x0000000082c00000| Complete 
|  45|0x0000000082d00000, 0x0000000082e00000, 0x0000000082e00000|100%| S|CS|TAMS 0x0000000082d00000, 0x0000000082d00000| Complete 
|  46|0x0000000082e00000, 0x0000000082f00000, 0x0000000082f00000|100%| S|CS|TAMS 0x0000000082e00000, 0x0000000082e00000| Complete 
|  47|0x0000000082f00000, 0x0000000082f00000, 0x0000000083000000|  0%| F|  |TAMS 0x0000000082f00000, 0x0000000082f00000| Untracked 
|  48|0x0000000083000000, 0x0000000083000000, 0x0000000083100000|  0%| F|  |TAMS 0x0000000083000000, 0x0000000083000000| Untracked 
|  49|0x0000000083100000, 0x0000000083100000, 0x0000000083200000|  0%| F|  |TAMS 0x0000000083100000, 0x0000000083100000| Untracked 
|  50|0x0000000083200000, 0x0000000083200000, 0x0000000083300000|  0%| F|  |TAMS 0x0000000083200000, 0x0000000083200000| Untracked 
|  51|0x0000000083300000, 0x0000000083300000, 0x0000000083400000|  0%| F|  |TAMS 0x0000000083300000, 0x0000000083300000| Untracked 
|  52|0x0000000083400000, 0x0000000083400000, 0x0000000083500000|  0%| F|  |TAMS 0x0000000083400000, 0x0000000083400000| Untracked 
|  53|0x0000000083500000, 0x0000000083500000, 0x0000000083600000|  0%| F|  |TAMS 0x0000000083500000, 0x0000000083500000| Untracked 
|  54|0x0000000083600000, 0x0000000083600000, 0x0000000083700000|  0%| F|  |TAMS 0x0000000083600000, 0x0000000083600000| Untracked 
|  55|0x0000000083700000, 0x0000000083700000, 0x0000000083800000|  0%| F|  |TAMS 0x0000000083700000, 0x0000000083700000| Untracked 
|  56|0x0000000083800000, 0x0000000083800000, 0x0000000083900000|  0%| F|  |TAMS 0x0000000083800000, 0x0000000083800000| Untracked 
|  57|0x0000000083900000, 0x0000000083900000, 0x0000000083a00000|  0%| F|  |TAMS 0x0000000083900000, 0x0000000083900000| Untracked 
|  58|0x0000000083a00000, 0x0000000083a00000, 0x0000000083b00000|  0%| F|  |TAMS 0x0000000083a00000, 0x0000000083a00000| Untracked 
|  59|0x0000000083b00000, 0x0000000083ba8648, 0x0000000083c00000| 65%| E|  |TAMS 0x0000000083b00000, 0x0000000083b00000| Complete 
|  60|0x0000000083c00000, 0x0000000083d00000, 0x0000000083d00000|100%| E|CS|TAMS 0x0000000083c00000, 0x0000000083c00000| Complete 
|  61|0x0000000083d00000, 0x0000000083e00000, 0x0000000083e00000|100%| E|CS|TAMS 0x0000000083d00000, 0x0000000083d00000| Complete 
|  62|0x0000000083e00000, 0x0000000083f00000, 0x0000000083f00000|100%| E|CS|TAMS 0x0000000083e00000, 0x0000000083e00000| Complete 
|  63|0x0000000083f00000, 0x0000000084000000, 0x0000000084000000|100%| E|CS|TAMS 0x0000000083f00000, 0x0000000083f00000| Complete 
|  64|0x0000000084000000, 0x0000000084100000, 0x0000000084100000|100%| E|CS|TAMS 0x0000000084000000, 0x0000000084000000| Complete 
|  65|0x0000000084100000, 0x0000000084200000, 0x0000000084200000|100%| E|CS|TAMS 0x0000000084100000, 0x0000000084100000| Complete 
|  66|0x0000000084200000, 0x0000000084300000, 0x0000000084300000|100%| E|CS|TAMS 0x0000000084200000, 0x0000000084200000| Complete 
|  67|0x0000000084300000, 0x0000000084400000, 0x0000000084400000|100%| E|CS|TAMS 0x0000000084300000, 0x0000000084300000| Complete 
|  68|0x0000000084400000, 0x0000000084500000, 0x0000000084500000|100%| E|CS|TAMS 0x0000000084400000, 0x0000000084400000| Complete 
|  69|0x0000000084500000, 0x0000000084600000, 0x0000000084600000|100%| E|CS|TAMS 0x0000000084500000, 0x0000000084500000| Complete 
|  70|0x0000000084600000, 0x0000000084700000, 0x0000000084700000|100%| E|CS|TAMS 0x0000000084600000, 0x0000000084600000| Complete 
|  71|0x0000000084700000, 0x0000000084800000, 0x0000000084800000|100%| E|CS|TAMS 0x0000000084700000, 0x0000000084700000| Complete 
|  72|0x0000000084800000, 0x0000000084900000, 0x0000000084900000|100%| E|CS|TAMS 0x0000000084800000, 0x0000000084800000| Complete 
|  73|0x0000000084900000, 0x0000000084a00000, 0x0000000084a00000|100%| E|CS|TAMS 0x0000000084900000, 0x0000000084900000| Complete 
|  74|0x0000000084a00000, 0x0000000084b00000, 0x0000000084b00000|100%| E|CS|TAMS 0x0000000084a00000, 0x0000000084a00000| Complete 
|  75|0x0000000084b00000, 0x0000000084c00000, 0x0000000084c00000|100%| E|CS|TAMS 0x0000000084b00000, 0x0000000084b00000| Complete 
|  76|0x0000000084c00000, 0x0000000084d00000, 0x0000000084d00000|100%| E|CS|TAMS 0x0000000084c00000, 0x0000000084c00000| Complete 
|  77|0x0000000084d00000, 0x0000000084e00000, 0x0000000084e00000|100%| E|CS|TAMS 0x0000000084d00000, 0x0000000084d00000| Complete 
|  78|0x0000000084e00000, 0x0000000084f00000, 0x0000000084f00000|100%| E|CS|TAMS 0x0000000084e00000, 0x0000000084e00000| Complete 
|  79|0x0000000084f00000, 0x0000000085000000, 0x0000000085000000|100%| E|CS|TAMS 0x0000000084f00000, 0x0000000084f00000| Complete 
|  80|0x0000000085000000, 0x0000000085100000, 0x0000000085100000|100%| E|CS|TAMS 0x0000000085000000, 0x0000000085000000| Complete 
|  81|0x0000000085100000, 0x0000000085200000, 0x0000000085200000|100%| E|CS|TAMS 0x0000000085100000, 0x0000000085100000| Complete 
|  82|0x0000000085200000, 0x0000000085300000, 0x0000000085300000|100%| E|CS|TAMS 0x0000000085200000, 0x0000000085200000| Complete 
|  83|0x0000000085300000, 0x0000000085400000, 0x0000000085400000|100%| E|CS|TAMS 0x0000000085300000, 0x0000000085300000| Complete 
|  84|0x0000000085400000, 0x0000000085500000, 0x0000000085500000|100%| E|CS|TAMS 0x0000000085400000, 0x0000000085400000| Complete 
|  85|0x0000000085500000, 0x0000000085600000, 0x0000000085600000|100%| E|CS|TAMS 0x0000000085500000, 0x0000000085500000| Complete 
|  86|0x0000000085600000, 0x0000000085700000, 0x0000000085700000|100%| E|CS|TAMS 0x0000000085600000, 0x0000000085600000| Complete 
|  87|0x0000000085700000, 0x0000000085800000, 0x0000000085800000|100%| E|CS|TAMS 0x0000000085700000, 0x0000000085700000| Complete 
|  88|0x0000000085800000, 0x0000000085900000, 0x0000000085900000|100%| E|CS|TAMS 0x0000000085800000, 0x0000000085800000| Complete 
|  89|0x0000000085900000, 0x0000000085a00000, 0x0000000085a00000|100%| E|CS|TAMS 0x0000000085900000, 0x0000000085900000| Complete 
|  90|0x0000000085a00000, 0x0000000085b00000, 0x0000000085b00000|100%| E|CS|TAMS 0x0000000085a00000, 0x0000000085a00000| Complete 
|  91|0x0000000085b00000, 0x0000000085c00000, 0x0000000085c00000|100%| E|CS|TAMS 0x0000000085b00000, 0x0000000085b00000| Complete 
|  92|0x0000000085c00000, 0x0000000085d00000, 0x0000000085d00000|100%| E|CS|TAMS 0x0000000085c00000, 0x0000000085c00000| Complete 

Card table byte_map: [0x000001bf2a7b0000,0x000001bf2abb0000] _byte_map_base: 0x000001bf2a3b0000

Marking Bits (Prev, Next): (CMBitMap*) 0x000001bf172cf0d8, (CMBitMap*) 0x000001bf172cf110
 Prev Bits: [0x000001bf2afb0000, 0x000001bf2cfb0000)
 Next Bits: [0x000001bf2cfb0000, 0x000001bf2efb0000)

Polling page: 0x000001bf15aa0000

Metaspace:

Usage:
  Non-class:     40.51 MB capacity,    39.77 MB ( 98%) used,   636.58 KB (  2%) free+waste,   121.13 KB ( <1%) overhead. 
      Class:      6.28 MB capacity,     5.85 MB ( 93%) used,   382.19 KB (  6%) free+waste,    58.00 KB ( <1%) overhead. 
       Both:     46.79 MB capacity,    45.62 MB ( 97%) used,  1018.77 KB (  2%) free+waste,   179.13 KB ( <1%) overhead. 

Virtual space:
  Non-class space:       42.00 MB reserved,      40.75 MB ( 97%) committed 
      Class space:        1.00 GB reserved,       6.32 MB ( <1%) committed 
             Both:        1.04 GB reserved,      47.07 MB (  4%) committed 

Chunk freelists:
   Non-Class:  0 bytes
       Class:  4.00 KB
        Both:  4.00 KB

MaxMetaspaceSize: 17179869184.00 GB
CompressedClassSpaceSize: 1.00 GB

CodeHeap 'non-profiled nmethods': size=120064Kb used=2257Kb max_used=2257Kb free=117807Kb
 bounds [0x000001bf22840000, 0x000001bf22ab0000, 0x000001bf29d80000]
CodeHeap 'profiled nmethods': size=120000Kb used=9366Kb max_used=9366Kb free=110633Kb
 bounds [0x000001bf1b310000, 0x000001bf1bc40000, 0x000001bf22840000]
CodeHeap 'non-nmethods': size=5696Kb used=2215Kb max_used=2240Kb free=3480Kb
 bounds [0x000001bf1ad80000, 0x000001bf1aff0000, 0x000001bf1b310000]
 total_blobs=5445 nmethods=4659 adapters=697
 compilation: enabled
              stopped_count=0, restarted_count=0
 full_count=0

Compilation events (20 events):
Event: 15.166 Thread 0x000001bf31626800 4660       3       java.util.concurrent.locks.AbstractQueuedSynchronizer$Node::compareAndSetWaitStatus (10 bytes)
Event: 15.167 Thread 0x000001bf31626800 nmethod 4660 0x000001bf1bc30710 code [0x000001bf1bc30920, 0x000001bf1bc30e98]
Event: 15.167 Thread 0x000001bf31626800 4662       3       org.gradle.internal.operations.DefaultBuildOperationListenerManager$ProgressShieldingBuildOperationListener::finished (26 bytes)
Event: 15.167 Thread 0x000001bf31626800 nmethod 4662 0x000001bf1bc31110 code [0x000001bf1bc312e0, 0x000001bf1bc31598]
Event: 15.169 Thread 0x000001bf31626800 4663       3       org.gradle.internal.component.local.model.ComponentFileArtifactIdentifier::getFileName (8 bytes)
Event: 15.169 Thread 0x000001bf31626800 nmethod 4663 0x000001bf1bc31710 code [0x000001bf1bc318c0, 0x000001bf1bc31a88]
Event: 15.169 Thread 0x000001bf31626800 4664       3       java.util.concurrent.locks.ReentrantLock::tryLock (9 bytes)
Event: 15.169 Thread 0x000001bf31626800 nmethod 4664 0x000001bf1bc31b90 code [0x000001bf1bc31d40, 0x000001bf1bc31e88]
Event: 15.171 Thread 0x000001bf31626800 4665       3       java.lang.StringBuilder::length (5 bytes)
Event: 15.171 Thread 0x000001bf31626800 nmethod 4665 0x000001bf1bc31f90 code [0x000001bf1bc32140, 0x000001bf1bc32258]
Event: 15.171 Thread 0x000001bf31626800 4666   !   3       com.esotericsoftware.kryo.io.Output::flush (57 bytes)
Event: 15.172 Thread 0x000001bf31626800 nmethod 4666 0x000001bf1bc32310 code [0x000001bf1bc324e0, 0x000001bf1bc32818]
Event: 15.172 Thread 0x000001bf31626800 4667       1       org.gradle.internal.logging.progress.DefaultProgressLoggerFactory::access$200 (5 bytes)
Event: 15.172 Thread 0x000001bf31626800 nmethod 4667 0x000001bf22a73490 code [0x000001bf22a73640, 0x000001bf22a736d8]
Event: 15.172 Thread 0x000001bf31626800 4668       1       org.gradle.internal.logging.events.ProgressStartEvent::getParentProgressOperationId (5 bytes)
Event: 15.172 Thread 0x000001bf31626800 nmethod 4668 0x000001bf22a73790 code [0x000001bf22a73940, 0x000001bf22a739f8]
Event: 15.177 Thread 0x000001bf31626800 4669       3       com.google.common.io.CountingOutputStream::write (19 bytes)
Event: 15.177 Thread 0x000001bf31626800 nmethod 4669 0x000001bf1bc32990 code [0x000001bf1bc32b40, 0x000001bf1bc32d28]
Event: 15.180 Thread 0x000001bf31626800 4670       3       com.google.common.cache.LocalCache$Segment::drainRecencyQueue (45 bytes)
Event: 15.181 Thread 0x000001bf31626800 nmethod 4670 0x000001bf1bc32e10 code [0x000001bf1bc33020, 0x000001bf1bc335e8]

GC Heap History (20 events):
Event: 4.955 GC heap before
{Heap before GC invocations=4 (full 0):
 garbage-first heap   total 65536K, used 39768K [0x0000000080000000, 0x0000000100000000)
  region size 1024K, 28 young (28672K), 4 survivors (4096K)
 Metaspace       used 17696K, capacity 18156K, committed 18432K, reserved 1064960K
  class space    used 2085K, capacity 2238K, committed 2304K, reserved 1048576K
}
Event: 4.989 GC heap after
{Heap after GC invocations=5 (full 0):
 garbage-first heap   total 65536K, used 17106K [0x0000000080000000, 0x0000000100000000)
  region size 1024K, 2 young (2048K), 2 survivors (2048K)
 Metaspace       used 17696K, capacity 18156K, committed 18432K, reserved 1064960K
  class space    used 2085K, capacity 2238K, committed 2304K, reserved 1048576K
}
Event: 5.535 GC heap before
{Heap before GC invocations=5 (full 0):
 garbage-first heap   total 65536K, used 39634K [0x0000000080000000, 0x0000000100000000)
  region size 1024K, 26 young (26624K), 2 survivors (2048K)
 Metaspace       used 20556K, capacity 21092K, committed 21248K, reserved 1067008K
  class space    used 2503K, capacity 2690K, committed 2816K, reserved 1048576K
}
Event: 5.543 GC heap after
{Heap after GC invocations=6 (full 0):
 garbage-first heap   total 78848K, used 17880K [0x0000000080000000, 0x0000000100000000)
  region size 1024K, 3 young (3072K), 3 survivors (3072K)
 Metaspace       used 20556K, capacity 21092K, committed 21248K, reserved 1067008K
  class space    used 2503K, capacity 2690K, committed 2816K, reserved 1048576K
}
Event: 6.491 GC heap before
{Heap before GC invocations=7 (full 0):
 garbage-first heap   total 78848K, used 47576K [0x0000000080000000, 0x0000000100000000)
  region size 1024K, 32 young (32768K), 3 survivors (3072K)
 Metaspace       used 23425K, capacity 24055K, committed 24192K, reserved 1071104K
  class space    used 2980K, capacity 3192K, committed 3200K, reserved 1048576K
}
Event: 6.497 GC heap after
{Heap after GC invocations=8 (full 0):
 garbage-first heap   total 78848K, used 18646K [0x0000000080000000, 0x0000000100000000)
  region size 1024K, 2 young (2048K), 2 survivors (2048K)
 Metaspace       used 23425K, capacity 24055K, committed 24192K, reserved 1071104K
  class space    used 2980K, capacity 3192K, committed 3200K, reserved 1048576K
}
Event: 7.340 GC heap before
{Heap before GC invocations=8 (full 0):
 garbage-first heap   total 78848K, used 49366K [0x0000000080000000, 0x0000000100000000)
  region size 1024K, 32 young (32768K), 2 survivors (2048K)
 Metaspace       used 26245K, capacity 26949K, committed 27008K, reserved 1073152K
  class space    used 3445K, capacity 3669K, committed 3712K, reserved 1048576K
}
Event: 7.346 GC heap after
{Heap after GC invocations=9 (full 0):
 garbage-first heap   total 78848K, used 19752K [0x0000000080000000, 0x0000000100000000)
  region size 1024K, 3 young (3072K), 3 survivors (3072K)
 Metaspace       used 26245K, capacity 26949K, committed 27008K, reserved 1073152K
  class space    used 3445K, capacity 3669K, committed 3712K, reserved 1048576K
}
Event: 8.271 GC heap before
{Heap before GC invocations=9 (full 0):
 garbage-first heap   total 78848K, used 51496K [0x0000000080000000, 0x0000000100000000)
  region size 1024K, 34 young (34816K), 3 survivors (3072K)
 Metaspace       used 29151K, capacity 29865K, committed 30080K, reserved 1075200K
  class space    used 3911K, capacity 4173K, committed 4224K, reserved 1048576K
}
Event: 8.278 GC heap after
{Heap after GC invocations=10 (full 0):
 garbage-first heap   total 78848K, used 20716K [0x0000000080000000, 0x0000000100000000)
  region size 1024K, 3 young (3072K), 3 survivors (3072K)
 Metaspace       used 29151K, capacity 29865K, committed 30080K, reserved 1075200K
  class space    used 3911K, capacity 4173K, committed 4224K, reserved 1048576K
}
Event: 9.037 GC heap before
{Heap before GC invocations=10 (full 0):
 garbage-first heap   total 78848K, used 42220K [0x0000000080000000, 0x0000000100000000)
  region size 1024K, 25 young (25600K), 3 survivors (3072K)
 Metaspace       used 35033K, capacity 35826K, committed 35840K, reserved 1081344K
  class space    used 4543K, capacity 4864K, committed 4864K, reserved 1048576K
}
Event: 9.053 GC heap after
{Heap after GC invocations=11 (full 0):
 garbage-first heap   total 78848K, used 23317K [0x0000000080000000, 0x0000000100000000)
  region size 1024K, 5 young (5120K), 5 survivors (5120K)
 Metaspace       used 35033K, capacity 35826K, committed 35840K, reserved 1081344K
  class space    used 4543K, capacity 4864K, committed 4864K, reserved 1048576K
}
Event: 9.838 GC heap before
{Heap before GC invocations=12 (full 0):
 garbage-first heap   total 78848K, used 53013K [0x0000000080000000, 0x0000000100000000)
  region size 1024K, 34 young (34816K), 5 survivors (5120K)
 Metaspace       used 37051K, capacity 37907K, committed 38220K, reserved 1083392K
  class space    used 4798K, capacity 5126K, committed 5196K, reserved 1048576K
}
Event: 9.856 GC heap after
{Heap after GC invocations=13 (full 0):
 garbage-first heap   total 78848K, used 26196K [0x0000000080000000, 0x0000000100000000)
  region size 1024K, 5 young (5120K), 5 survivors (5120K)
 Metaspace       used 37051K, capacity 37907K, committed 38220K, reserved 1083392K
  class space    used 4798K, capacity 5126K, committed 5196K, reserved 1048576K
}
Event: 10.769 GC heap before
{Heap before GC invocations=13 (full 0):
 garbage-first heap   total 78848K, used 57940K [0x0000000080000000, 0x0000000100000000)
  region size 1024K, 34 young (34816K), 5 survivors (5120K)
 Metaspace       used 39214K, capacity 40128K, committed 40268K, reserved 1083392K
  class space    used 5013K, capacity 5354K, committed 5452K, reserved 1048576K
}
Event: 10.779 GC heap after
{Heap after GC invocations=14 (full 0):
 garbage-first heap   total 78848K, used 28119K [0x0000000080000000, 0x0000000100000000)
  region size 1024K, 5 young (5120K), 5 survivors (5120K)
 Metaspace       used 39214K, capacity 40128K, committed 40268K, reserved 1083392K
  class space    used 5013K, capacity 5354K, committed 5452K, reserved 1048576K
}
Event: 11.590 GC heap before
{Heap before GC invocations=14 (full 0):
 garbage-first heap   total 78848K, used 56791K [0x0000000080000000, 0x0000000100000000)
  region size 1024K, 33 young (33792K), 5 survivors (5120K)
 Metaspace       used 42366K, capacity 43349K, committed 43468K, reserved 1087488K
  class space    used 5382K, capacity 5740K, committed 5836K, reserved 1048576K
}
Event: 11.599 GC heap after
{Heap after GC invocations=15 (full 0):
 garbage-first heap   total 78848K, used 28781K [0x0000000080000000, 0x0000000100000000)
  region size 1024K, 3 young (3072K), 3 survivors (3072K)
 Metaspace       used 42366K, capacity 43349K, committed 43468K, reserved 1087488K
  class space    used 5382K, capacity 5740K, committed 5836K, reserved 1048576K
}
Event: 12.331 GC heap before
{Heap before GC invocations=15 (full 0):
 garbage-first heap   total 78848K, used 58477K [0x0000000080000000, 0x0000000100000000)
  region size 1024K, 32 young (32768K), 3 survivors (3072K)
 Metaspace       used 44345K, capacity 45429K, committed 45516K, reserved 1089536K
  class space    used 5688K, capacity 6073K, committed 6092K, reserved 1048576K
}
Event: 12.351 GC heap after
{Heap after GC invocations=16 (full 0):
 garbage-first heap   total 95232K, used 30236K [0x0000000080000000, 0x0000000100000000)
  region size 1024K, 3 young (3072K), 3 survivors (3072K)
 Metaspace       used 44345K, capacity 45429K, committed 45516K, reserved 1089536K
  class space    used 5688K, capacity 6073K, committed 6092K, reserved 1048576K
}

Deoptimization events (20 events):
Event: 15.115 Thread 0x000001bf33ab6800 DEOPT PACKING pc=0x000001bf229243a8 sp=0x0000002cddbf8550
Event: 15.115 Thread 0x000001bf33ab6800 DEOPT UNPACKING pc=0x000001bf1ada78af sp=0x0000002cddbf84e8 mode 2
Event: 15.117 Thread 0x000001bf35ec3000 Uncommon trap: trap_request=0xffffff4d fr.pc=0x000001bf228de24c relative=0x000000000000016c
Event: 15.117 Thread 0x000001bf35ec3000 Uncommon trap: reason=unstable_if action=reinterpret pc=0x000001bf228de24c method=java.util.concurrent.ConcurrentHashMap.addCount(JI)V @ 34 c2
Event: 15.117 Thread 0x000001bf35ec3000 DEOPT PACKING pc=0x000001bf228de24c sp=0x0000002cdf3fe2d0
Event: 15.118 Thread 0x000001bf35ec3000 DEOPT UNPACKING pc=0x000001bf1ada78af sp=0x0000002cdf3fe230 mode 2
Event: 15.123 Thread 0x000001bf35ebf000 Uncommon trap: trap_request=0xffffff5c fr.pc=0x000001bf22a1c6ac relative=0x000000000000222c
Event: 15.123 Thread 0x000001bf35ec3000 Uncommon trap: trap_request=0xffffff5c fr.pc=0x000001bf22a1c6ac relative=0x000000000000222c
Event: 15.123 Thread 0x000001bf35ec5800 Uncommon trap: trap_request=0xffffff5c fr.pc=0x000001bf22a1c6ac relative=0x000000000000222c
Event: 15.123 Thread 0x000001bf35ec3000 Uncommon trap: reason=speculate_null_assert action=make_not_entrant pc=0x000001bf22a1c6ac method=java.lang.invoke.MethodType$ConcurrentWeakInternSet.add(Ljava/lang/Object;)Ljava/lang/Object; @ 47 c2
Event: 15.123 Thread 0x000001bf35ebf000 Uncommon trap: reason=speculate_null_assert action=make_not_entrant pc=0x000001bf22a1c6ac method=java.lang.invoke.MethodType$ConcurrentWeakInternSet.add(Ljava/lang/Object;)Ljava/lang/Object; @ 47 c2
Event: 15.123 Thread 0x000001bf35ec3000 DEOPT PACKING pc=0x000001bf22a1c6ac sp=0x0000002cdf3fd3b0
Event: 15.123 Thread 0x000001bf35ebf000 DEOPT PACKING pc=0x000001bf22a1c6ac sp=0x0000002cdf2fd5c0
Event: 15.123 Thread 0x000001bf35ec3000 DEOPT UNPACKING pc=0x000001bf1ada78af sp=0x0000002cdf3fd368 mode 2
Event: 15.123 Thread 0x000001bf35ebf000 DEOPT UNPACKING pc=0x000001bf1ada78af sp=0x0000002cdf2fd578 mode 2
Event: 15.123 Thread 0x000001bf35ec5800 Uncommon trap: reason=speculate_null_assert action=make_not_entrant pc=0x000001bf22a1c6ac method=java.lang.invoke.MethodType$ConcurrentWeakInternSet.add(Ljava/lang/Object;)Ljava/lang/Object; @ 47 c2
Event: 15.124 Thread 0x000001bf35ec5800 DEOPT PACKING pc=0x000001bf22a1c6ac sp=0x0000002cdf4fd690
Event: 15.124 Thread 0x000001bf35ec5800 DEOPT UNPACKING pc=0x000001bf1ada78af sp=0x0000002cdf4fd648 mode 2
Event: 15.145 Thread 0x000001bf35ec5800 DEOPT PACKING pc=0x000001bf1b99e2f4 sp=0x0000002cdf4fda70
Event: 15.145 Thread 0x000001bf35ec5800 DEOPT UNPACKING pc=0x000001bf1ada76ce sp=0x0000002cdf4fd010 mode 0

Classes redefined (0 events):
No events

Internal exceptions (20 events):
Event: 11.624 Thread 0x000001bf33ab6800 Exception <a 'java/lang/ClassNotFoundException'{0x0000000084b092c0}: org/gradle/api/internal/project/ProjectScriptCustomizer> (0x0000000084b092c0) thrown at [./src/hotspot/share/classfile/systemDictionary.cpp, line 231]
Event: 11.626 Thread 0x000001bf33ab6800 Exception <a 'java/lang/ClassNotFoundException'{0x0000000084b24570}: build_d2kzrod1s1zhi0i1jsu8akpgpCustomizer> (0x0000000084b24570) thrown at [./src/hotspot/share/classfile/systemDictionary.cpp, line 231]
Event: 11.643 Thread 0x000001bf33ab6800 Exception <a 'java/lang/ClassNotFoundException'{0x0000000084bb6a20}: org/gradle/api/internal/initialization/DefaultScriptHandlerBeanInfo> (0x0000000084bb6a20) thrown at [./src/hotspot/share/classfile/systemDictionary.cpp, line 231]
Event: 11.644 Thread 0x000001bf33ab6800 Exception <a 'java/lang/ClassNotFoundException'{0x0000000084bdf9d8}: org/gradle/api/internal/initialization/DefaultScriptHandlerCustomizer> (0x0000000084bdf9d8) thrown at [./src/hotspot/share/classfile/systemDictionary.cpp, line 231]
Event: 11.788 Thread 0x000001bf33ab6800 Exception <a 'java/lang/ClassNotFoundException'{0x00000000843e9d80}: org/gradle/api/internal/artifacts/dsl/dependencies/DefaultDependencyHandler_DecoratedBeanInfo> (0x00000000843e9d80) thrown at [./src/hotspot/share/classfile/systemDictionary.cpp, line 231]
Event: 11.790 Thread 0x000001bf33ab6800 Exception <a 'java/lang/ClassNotFoundException'{0x00000000842283d0}: org/gradle/api/internal/artifacts/dsl/dependencies/DefaultDependencyHandlerBeanInfo> (0x00000000842283d0) thrown at [./src/hotspot/share/classfile/systemDictionary.cpp, line 231]
Event: 11.792 Thread 0x000001bf33ab6800 Exception <a 'java/lang/ClassNotFoundException'{0x00000000842668d8}: org/gradle/api/internal/artifacts/dsl/dependencies/DefaultDependencyHandlerCustomizer> (0x00000000842668d8) thrown at [./src/hotspot/share/classfile/systemDictionary.cpp, line 231]
Event: 11.795 Thread 0x000001bf33ab6800 Exception <a 'java/lang/ClassNotFoundException'{0x00000000842ce260}: org/gradle/api/internal/artifacts/dsl/dependencies/DefaultDependencyHandler_DecoratedCustomizer> (0x00000000842ce260) thrown at [./src/hotspot/share/classfile/systemDictionary.cpp, line 231]
Event: 11.819 Thread 0x000001bf33ab6800 Exception <a 'java/lang/NoSuchMethodError'{0x00000000841e2ba8}: 'java.lang.Object java.lang.invoke.DirectMethodHandle$Holder.invokeStatic(java.lang.Object, java.lang.Object, int, java.lang.Object)'> (0x00000000841e2ba8) thrown at [./src/hotspot/share/interpreter/linkResolver.cpp, line 773]
Event: 11.820 Thread 0x000001bf33ab6800 Exception <a 'java/lang/NoSuchMethodError'{0x00000000841e9e40}: 'java.lang.Object java.lang.invoke.Invokers$Holder.linkToTargetMethod(java.lang.Object, int, java.lang.Object, java.lang.Object)'> (0x00000000841e9e40) thrown at [./src/hotspot/share/interpreter/linkResolver.cpp, line 773]
Event: 12.450 Thread 0x000001bf33ab6800 Exception <a 'java/lang/NoSuchMethodError'{0x0000000085cfb5d8}: 'java.lang.Object java.lang.invoke.DelegatingMethodHandle$Holder.reinvoke_L(java.lang.Object, java.lang.Object, java.lang.Object, java.lang.Object, java.lang.Object, java.lang.Object, java.lang.Object, java.lang.Object, java.lang.Object, java.lang.Object, java.lang.Object, java.lang.Object, java.lang.Object, java.lang.Object, java.lang.Object, java.lang.Object, java.lang.Object, java.lang.Object, java.lang.Object, java.lang.Object, java.lang.O
Event: 12.451 Thread 0x000001bf33ab6800 Exception <a 'java/lang/NoSuchMethodError'{0x0000000085b07a28}: 'java.lang.Object java.lang.invoke.DirectMethodHandle$Holder.invokeSpecial(java.lang.Object, java.lang.Object, java.lang.Object, java.lang.Object, java.lang.Object, java.lang.Object, java.lang.Object, java.lang.Object, java.lang.Object, java.lang.Object, java.lang.Object, java.lang.Object, java.lang.Object, java.lang.Object, java.lang.Object, java.lang.Object, java.lang.Object, java.lang.Object, java.lang.Object, java.lang.Object, java.lang.Ob
Event: 12.452 Thread 0x000001bf33ab6800 Exception <a 'java/lang/NoSuchMethodError'{0x0000000085b0dc18}: 'java.lang.Object java.lang.invoke.Invokers$Holder.invoker(java.lang.Object, java.lang.Object, java.lang.Object, java.lang.Object, java.lang.Object, java.lang.Object, java.lang.Object, java.lang.Object, java.lang.Object, java.lang.Object, java.lang.Object, java.lang.Object, java.lang.Object, java.lang.Object, java.lang.Object, java.lang.Object, java.lang.Object, java.lang.Object, java.lang.Object, java.lang.Object, java.lang.Object)'> (0x00000
Event: 12.452 Thread 0x000001bf33ab6800 Exception <a 'java/lang/NoSuchMethodError'{0x0000000085b14f88}: 'java.lang.Object java.lang.invoke.DelegatingMethodHandle$Holder.delegate(java.lang.Object, java.lang.Object, java.lang.Object, java.lang.Object, java.lang.Object, java.lang.Object, java.lang.Object, java.lang.Object, java.lang.Object, java.lang.Object, java.lang.Object, java.lang.Object, java.lang.Object, java.lang.Object, java.lang.Object, java.lang.Object, java.lang.Object, java.lang.Object, java.lang.Object, java.lang.Object, java.lang.Obj
Event: 12.462 Thread 0x000001bf33ab6800 Exception <a 'java/lang/NoSuchMethodError'{0x0000000085b5db78}: 'java.lang.Object java.lang.invoke.DirectMethodHandle$Holder.invokeStatic(java.lang.Object, java.lang.Object, java.lang.Object, java.lang.Object, java.lang.Object, java.lang.Object, java.lang.Object, java.lang.Object, java.lang.Object, java.lang.Object, java.lang.Object, java.lang.Object, java.lang.Object, java.lang.Object, java.lang.Object)'> (0x0000000085b5db78) thrown at [./src/hotspot/share/interpreter/linkResolver.cpp, line 773]
Event: 12.464 Thread 0x000001bf33ab6800 Exception <a 'java/lang/NoSuchMethodError'{0x0000000085b6e1b0}: 'java.lang.Object java.lang.invoke.DirectMethodHandle$Holder.invokeStatic(java.lang.Object, java.lang.Object, java.lang.Object, java.lang.Object, java.lang.Object, java.lang.Object, java.lang.Object, java.lang.Object, java.lang.Object, java.lang.Object, java.lang.Object, java.lang.Object, java.lang.Object, java.lang.Object, java.lang.Object, java.lang.Object)'> (0x0000000085b6e1b0) thrown at [./src/hotspot/share/interpreter/linkResolver.cpp, l
Event: 12.466 Thread 0x000001bf33ab6800 Exception <a 'java/lang/NoSuchMethodError'{0x0000000085b7e6f8}: 'java.lang.Object java.lang.invoke.DelegatingMethodHandle$Holder.reinvoke_L(java.lang.Object, java.lang.Object, java.lang.Object, java.lang.Object, java.lang.Object, java.lang.Object, java.lang.Object, java.lang.Object, java.lang.Object, java.lang.Object, java.lang.Object, java.lang.Object, java.lang.Object, java.lang.Object, java.lang.Object, java.lang.Object, java.lang.Object, java.lang.Object, java.lang.Object, java.lang.Object)'> (0x000000
Event: 12.594 Thread 0x000001bf33ab6800 Exception <a 'java/lang/IncompatibleClassChangeError'{0x00000000858ff818}: Found class java.lang.Object, but interface was expected> (0x00000000858ff818) thrown at [./src/hotspot/share/interpreter/linkResolver.cpp, line 839]
Event: 13.346 Thread 0x000001bf33ab6800 Exception <a 'java/lang/NoSuchMethodError'{0x0000000084fc1e70}: 'int java.lang.invoke.DirectMethodHandle$Holder.invokeStaticInit(java.lang.Object)'> (0x0000000084fc1e70) thrown at [./src/hotspot/share/interpreter/linkResolver.cpp, line 773]
Event: 15.045 Thread 0x000001bf33ab6800 Exception <a 'java/lang/NoSuchMethodError'{0x000000008416f168}: 'void java.lang.invoke.DirectMethodHandle$Holder.invokeStatic(java.lang.Object, java.lang.Object, java.lang.Object, int, java.lang.Object)'> (0x000000008416f168) thrown at [./src/hotspot/share/interpreter/linkResolver.cpp, line 773]

Events (20 events):
Event: 15.126 loading class org/gradle/internal/resource/cached/AbstractCachedIndex
Event: 15.126 loading class org/gradle/internal/resource/cached/AbstractCachedIndex done
Event: 15.129 loading class org/gradle/api/internal/artifacts/ivyservice/modulecache/artifacts/DefaultCachedArtifact
Event: 15.129 loading class org/gradle/api/internal/artifacts/ivyservice/modulecache/artifacts/DefaultCachedArtifact done
Event: 15.134 Executing VM operation: RevokeBias
Event: 15.135 Executing VM operation: RevokeBias done
Event: 15.135 loading class org/gradle/internal/component/model/ModuleSources
Event: 15.135 loading class org/gradle/internal/component/model/ModuleSources done
Event: 15.135 loading class org/gradle/internal/component/model/ModuleSources
Event: 15.135 loading class org/gradle/internal/component/model/ModuleSources done
Event: 15.136 loading class org/gradle/api/internal/artifacts/DefaultArtifactIdentifier
Event: 15.136 loading class org/gradle/api/internal/artifacts/DefaultArtifactIdentifier done
Event: 15.137 loading class org/gradle/api/internal/artifacts/ivyservice/resolutionstrategy/DefaultCachePolicy$CachedArtifactResolutionControl
Event: 15.137 loading class org/gradle/api/internal/artifacts/ivyservice/resolutionstrategy/DefaultCachePolicy$CachedArtifactResolutionControl done
Event: 15.138 loading class org/gradle/api/internal/artifacts/DownloadArtifactBuildOperationType
Event: 15.138 loading class org/gradle/api/internal/artifacts/DownloadArtifactBuildOperationType done
Event: 15.141 loading class org/gradle/api/internal/artifacts/DownloadArtifactBuildOperationType$Result
Event: 15.141 loading class org/gradle/api/internal/artifacts/DownloadArtifactBuildOperationType$Result done
Event: 15.141 loading class org/gradle/api/internal/artifacts/DownloadArtifactBuildOperationType$1
Event: 15.141 loading class org/gradle/api/internal/artifacts/DownloadArtifactBuildOperationType$1 done


Dynamic libraries:
0x00007ff7d8190000 - 0x00007ff7d819a000 	C:\Program Files\Android\Android Studio\jre\bin\java.exe
0x00007ffe5a890000 - 0x00007ffe5aa85000 	C:\WINDOWS\SYSTEM32\ntdll.dll
0x00007ffe59430000 - 0x00007ffe594ee000 	C:\WINDOWS\System32\KERNEL32.DLL
0x00007ffe57fa0000 - 0x00007ffe58268000 	C:\WINDOWS\System32\KERNELBASE.dll
0x00007ffe58270000 - 0x00007ffe58370000 	C:\WINDOWS\System32\ucrtbase.dll
0x00007ffe47500000 - 0x00007ffe47519000 	C:\Program Files\Android\Android Studio\jre\bin\jli.dll
0x00007ffe424f0000 - 0x00007ffe42507000 	C:\Program Files\Android\Android Studio\jre\bin\VCRUNTIME140.dll
0x00007ffe58970000 - 0x00007ffe58b11000 	C:\WINDOWS\System32\USER32.dll
0x00007ffe58370000 - 0x00007ffe58392000 	C:\WINDOWS\System32\win32u.dll
0x00007ffe57370000 - 0x00007ffe5760a000 	C:\WINDOWS\WinSxS\amd64_microsoft.windows.common-controls_6595b64144ccf1df_6.0.19041.1110_none_60b5254171f9507e\COMCTL32.dll
0x00007ffe588d0000 - 0x00007ffe588fb000 	C:\WINDOWS\System32\GDI32.dll
0x00007ffe584a0000 - 0x00007ffe585ad000 	C:\WINDOWS\System32\gdi32full.dll
0x00007ffe58400000 - 0x00007ffe5849d000 	C:\WINDOWS\System32\msvcp_win.dll
0x00007ffe59390000 - 0x00007ffe5942e000 	C:\WINDOWS\System32\msvcrt.dll
0x00007ffe58e20000 - 0x00007ffe58e50000 	C:\WINDOWS\System32\IMM32.DLL
0x00007ffe30600000 - 0x00007ffe3069d000 	C:\Program Files\Android\Android Studio\jre\bin\msvcp140.dll
0x00007ffe0c1d0000 - 0x00007ffe0cc9f000 	C:\Program Files\Android\Android Studio\jre\bin\server\jvm.dll
0x00007ffe592d0000 - 0x00007ffe5937c000 	C:\WINDOWS\System32\ADVAPI32.dll
0x00007ffe58b80000 - 0x00007ffe58c1b000 	C:\WINDOWS\System32\sechost.dll
0x00007ffe5a170000 - 0x00007ffe5a29a000 	C:\WINDOWS\System32\RPCRT4.dll
0x00007ffe599b0000 - 0x00007ffe599b8000 	C:\WINDOWS\System32\PSAPI.DLL
0x00007ffe48d90000 - 0x00007ffe48db7000 	C:\WINDOWS\SYSTEM32\WINMM.dll
0x00007ffe54c30000 - 0x00007ffe54c3a000 	C:\WINDOWS\SYSTEM32\VERSION.dll
0x00007ffe46f60000 - 0x00007ffe46f69000 	C:\WINDOWS\SYSTEM32\WSOCK32.dll
0x00007ffe5a2a0000 - 0x00007ffe5a30b000 	C:\WINDOWS\System32\ws2_32.DLL
0x00007ffe561d0000 - 0x00007ffe561e2000 	C:\WINDOWS\SYSTEM32\kernel.appcore.dll
0x00007ffe50c70000 - 0x00007ffe50c81000 	C:\Program Files\Android\Android Studio\jre\bin\verify.dll
0x00007ffe57940000 - 0x00007ffe57b24000 	C:\WINDOWS\SYSTEM32\DBGHELP.DLL
0x00007ffe57770000 - 0x00007ffe5779c000 	C:\WINDOWS\SYSTEM32\dbgcore.DLL
0x00007ffe585b0000 - 0x00007ffe58632000 	C:\WINDOWS\System32\bcryptPrimitives.dll
0x00007ffe47520000 - 0x00007ffe47549000 	C:\Program Files\Android\Android Studio\jre\bin\java.dll
0x00007ffe52ac0000 - 0x00007ffe52acb000 	C:\Program Files\Android\Android Studio\jre\bin\jimage.dll
0x00007ffe4dd50000 - 0x00007ffe4dd68000 	C:\Program Files\Android\Android Studio\jre\bin\zip.dll
0x00007ffe599c0000 - 0x00007ffe5a104000 	C:\WINDOWS\System32\SHELL32.dll
0x00007ffe55a20000 - 0x00007ffe561b4000 	C:\WINDOWS\SYSTEM32\windows.storage.dll
0x00007ffe5a4f0000 - 0x00007ffe5a845000 	C:\WINDOWS\System32\combase.dll
0x00007ffe57300000 - 0x00007ffe5732e000 	C:\WINDOWS\SYSTEM32\Wldp.dll
0x00007ffe5a310000 - 0x00007ffe5a3bd000 	C:\WINDOWS\System32\SHCORE.dll
0x00007ffe58b20000 - 0x00007ffe58b75000 	C:\WINDOWS\System32\shlwapi.dll
0x00007ffe57ee0000 - 0x00007ffe57eff000 	C:\WINDOWS\SYSTEM32\profapi.dll
0x00007ffe484e0000 - 0x00007ffe484fa000 	C:\Program Files\Android\Android Studio\jre\bin\net.dll
0x00007ffe486e0000 - 0x00007ffe487ec000 	C:\WINDOWS\SYSTEM32\WINHTTP.dll
0x00007ffe571d0000 - 0x00007ffe5723a000 	C:\WINDOWS\system32\mswsock.dll
0x00007ffe476d0000 - 0x00007ffe476e4000 	C:\Program Files\Android\Android Studio\jre\bin\nio.dll
0x00007ffe50df0000 - 0x00007ffe50e17000 	C:\Users\DELL\.gradle\wrapper\dists\gradle-7.0.2-bin\gradle-7.0.2\bin\wrapper\dists\gradle-7.0.2-bin\857tjihv64xamwrf0h14cai3r\gradle-7.0.2\bin\native\8bec1ad78214c89d9ad589b4d07fe93259594b29d510b10fafb7a158f7737e5d\windows-amd64\native-platform.dll
0x00007ffe30c00000 - 0x00007ffe30d3d000 	C:\Users\DELL\.gradle\wrapper\dists\gradle-7.0.2-bin\gradle-7.0.2\bin\wrapper\dists\gradle-7.0.2-bin\857tjihv64xamwrf0h14cai3r\gradle-7.0.2\bin\native\53dbd7edfb1c66fb8903c78663c9afc45aea4f116125fa6feffd364cf09443e8\windows-amd64\native-platform-file-events.d
0x00007ffe50bd0000 - 0x00007ffe50bda000 	C:\Program Files\Android\Android Studio\jre\bin\management.dll
0x00007ffe50b50000 - 0x00007ffe50b5c000 	C:\Program Files\Android\Android Studio\jre\bin\management_ext.dll
0x00007ffe57d20000 - 0x00007ffe57d38000 	C:\WINDOWS\SYSTEM32\CRYPTSP.dll
0x00007ffe56a00000 - 0x00007ffe56a34000 	C:\WINDOWS\system32\rsaenh.dll
0x00007ffe587f0000 - 0x00007ffe58817000 	C:\WINDOWS\System32\bcrypt.dll
0x00007ffe57e60000 - 0x00007ffe57e8e000 	C:\WINDOWS\SYSTEM32\USERENV.dll
0x00007ffe57140000 - 0x00007ffe5714c000 	C:\WINDOWS\SYSTEM32\CRYPTBASE.dll
0x00007ffe56d50000 - 0x00007ffe56d8b000 	C:\WINDOWS\SYSTEM32\IPHLPAPI.DLL
0x00007ffe58960000 - 0x00007ffe58968000 	C:\WINDOWS\System32\NSI.dll
0x00007ffe4c550000 - 0x00007ffe4c567000 	C:\WINDOWS\SYSTEM32\dhcpcsvc6.DLL
0x00007ffe4e850000 - 0x00007ffe4e86d000 	C:\WINDOWS\SYSTEM32\dhcpcsvc.DLL
0x00007ffe56d90000 - 0x00007ffe56e5b000 	C:\WINDOWS\SYSTEM32\DNSAPI.dll

dbghelp: loaded successfully - version: 4.0.5 - missing functions: none
symbol engine: initialized successfully - sym options: 0x614 - pdb path: .;C:\Program Files\Android\Android Studio\jre\bin;C:\WINDOWS\SYSTEM32;C:\WINDOWS\WinSxS\amd64_microsoft.windows.common-controls_6595b64144ccf1df_6.0.19041.1110_none_60b5254171f9507e;C:\Program Files\Android\Android Studio\jre\bin\server;C:\Users\DELL\.gradle\wrapper\dists\gradle-7.0.2-bin\gradle-7.0.2\bin\wrapper\dists\gradle-7.0.2-bin\857tjihv64xamwrf0h14cai3r\gradle-7.0.2\bin\native\8bec1ad78214c89d9ad589b4d07fe93259594b29d510b10fafb7a158f7737e5d\windows-amd64;C:\Users\DELL\.gradle\wrapper\dists\gradle-7.0.2-bin\gradle-7.0.2\bin\wrapper\dists\gradle-7.0.2-bin\857tjihv64xamwrf0h14cai3r\gradle-7.0.2\bin\native\53dbd7edfb1c66fb8903c78663c9afc45aea4f116125fa6feffd364cf09443e8\windows-amd64

VM Arguments:
jvm_args: --add-opens=java.base/java.util=ALL-UNNAMED --add-opens=java.base/java.lang=ALL-UNNAMED --add-opens=java.base/java.lang.invoke=ALL-UNNAMED --add-opens=java.base/java.util=ALL-UNNAMED --add-opens=java.prefs/java.util.prefs=ALL-UNNAMED --add-opens=java.prefs/java.util.prefs=ALL-UNNAMED --add-opens=java.base/java.nio.charset=ALL-UNNAMED --add-opens=java.base/java.net=ALL-UNNAMED --add-opens=java.base/java.util.concurrent.atomic=ALL-UNNAMED -Xmx2048m -Dfile.encoding=UTF-8 -Duser.country=FR -Duser.language=fr -Duser.variant 
java_command: org.gradle.launcher.daemon.bootstrap.GradleDaemon 7.0.2
java_class_path (initial): C:\Users\DELL\.gradle\wrapper\dists\gradle-7.0.2-bin\gradle-7.0.2\bin\wrapper\dists\gradle-7.0.2-bin\857tjihv64xamwrf0h14cai3r\gradle-7.0.2\bin\wrapper\dists\gradle-7.0.2-bin\857tjihv64xamwrf0h14cai3r\gradle-7.0.2\lib\gradle-launcher-7.0.2.jar
Launcher Type: SUN_STANDARD

[Global flags]
     intx CICompilerCount                          = 3                                         {product} {ergonomic}
     uint ConcGCThreads                            = 1                                         {product} {ergonomic}
     uint G1ConcRefinementThreads                  = 4                                         {product} {ergonomic}
   size_t G1HeapRegionSize                         = 1048576                                   {product} {ergonomic}
    uintx GCDrainStackTargetSize                   = 64                                        {product} {ergonomic}
   size_t InitialHeapSize                          = 67108864                                  {product} {ergonomic}
   size_t MarkStackSize                            = 4194304                                   {product} {ergonomic}
   size_t MaxHeapSize                              = 2147483648                                {product} {command line}
   size_t MaxNewSize                               = 1287651328                                {product} {ergonomic}
   size_t MinHeapDeltaBytes                        = 1048576                                   {product} {ergonomic}
    uintx NonNMethodCodeHeapSize                   = 5830732                                {pd product} {ergonomic}
    uintx NonProfiledCodeHeapSize                  = 122913754                              {pd product} {ergonomic}
    uintx ProfiledCodeHeapSize                     = 122913754                              {pd product} {ergonomic}
    uintx ReservedCodeCacheSize                    = 251658240                              {pd product} {ergonomic}
     bool SegmentedCodeCache                       = true                                      {product} {ergonomic}
     bool UseCompressedClassPointers               = true                                 {lp64_product} {ergonomic}
     bool UseCompressedOops                        = true                                 {lp64_product} {ergonomic}
     bool UseG1GC                                  = true                                      {product} {ergonomic}
     bool UseLargePagesIndividualAllocation        = false                                  {pd product} {ergonomic}

Logging:
Log output configuration:
 #0: stdout all=warning uptime,level,tags
 #1: stderr all=off uptime,level,tags

Environment Variables:
JAVA_HOME=C:\Program Files\Java\jdk-17
PATH=C:\Program Files\Common Files\Oracle\Java\javapath;C:\WINDOWS\system32;C:\WINDOWS;C:\WINDOWS\System32\Wbem;C:\WINDOWS\System32\WindowsPowerShell\v1.0\;C:\WINDOWS\System32\OpenSSH\;C:\Users\DELL\AppData\Local\Android\Sdk;C:\Program Files\nodejs\;C:\Program Files\Android\Android Studio\bin;C:\Program Files\Android\Android Studio\jre\bin\server;C:\Program Files\Java\jdk-17\bin;C:\xampp\mysql\bin;C:\Program Files\nodejs\node_modules\npm\bin;C:\Users\DELL\Desktop\flutter\bin;C:\Program Files\Git\cmd;C:\Users\DELL\AppData\Local\Microsoft\WindowsApps;;C:\Users\DELL\AppData\Local\Programs\Microsoft VS Code\bin;C:\Users\DELL\AppData\Roaming\npm
USERNAME=DELL
OS=Windows_NT
PROCESSOR_IDENTIFIER=Intel64 Family 6 Model 69 Stepping 1, GenuineIntel



---------------  S Y S T E M  ---------------

OS: Windows 10 , 64 bit Build 19041 (10.0.19041.1348)
OS uptime: 3 days 9:56 hours

CPU:total 4 (initial active 4) (2 cores per cpu, 2 threads per core) family 6 model 69 stepping 1 microcode 0x25, cmov, cx8, fxsr, mmx, sse, sse2, sse3, ssse3, sse4.1, sse4.2, popcnt, avx, avx2, aes, clmul, erms, lzcnt, ht, tsc, tscinvbit, bmi1, bmi2, fma

Memory: 4k page, system-wide physical 4001M (206M free)
TotalPageFile size 16289M (AvailPageFile size 0M)
current process WorkingSet (physical memory assigned to process): 199M, peak: 211M
current process commit charge ("private bytes"): 267M, peak: 268M

vm_info: OpenJDK 64-Bit Server VM (11.0.10+0-b96-7249189) for windows-amd64 JRE (11.0.10+0-b96-7249189), built on Mar 31 2021 21:44:00 by "builder" with MS VC++ 14.0 (VS2015)

END.
